mktextfm Menlo
mktextfm Menlo
mktextfm Menlo
mktextfm Menlo
mktextfm Menlo/B
mktextfm Menlo
mktextfm Menlo/I
mktextfm Menlo
mktextfm Menlo/BI
mktextfm Menlo
mktextfm Menlo
mktextfm Menlo
mktextfm Menlo
mktextfm Menlo/B
mktextfm Menlo
mktextfm Menlo/I
mktextfm Menlo
mktextfm Menlo/BI
mktextfm LinLibertine_R
mktextfm LinLibertine_R
mktextfm LinLibertine_R
mktextfm LinLibertine_R
mktextfm LinLibertine_R/B
mktextfm LinLibertine_R
mktextfm LinLibertine_R/I
mktextfm LinLibertine_R
mktextfm LinLibertine_R/BI
mktextfm LinLibertine_R
mktextfm LinLibertine_R
mktextfm LinLibertine_R
mktextfm LinLibertine_R
mktextfm LinLibertine_R/B
mktextfm LinLibertine_R
mktextfm LinLibertine_R/I
mktextfm LinLibertine_R
mktextfm LinLibertine_R/BI
